<?xml version="1.0" encoding="UTF-8"?>
<!-- Generated by org.testng.reporters.JUnitXMLReporter -->
<testsuite ignored="6" hostname="STPL-MANISHKHA" failures="0" tests="1" name="Basic Home Screen Test" time="50.614" errors="0" timestamp="2025-09-24T15:47:19 NPT">
  <testcase classname="tests.HomeScreenTest" name="testHomeScreenLoadsSuccessfully" time="6.163"/>
  <testcase classname="tests.HomeScreenTest" name="testNavigateToAccessibility" time="0.0">
    <ignored/>
  </testcase> <!-- testNavigateToAccessibility -->
  <testcase classname="tests.HomeScreenTest" name="testVerifyAllMainMenuOptions" time="0.0">
    <ignored/>
  </testcase> <!-- testVerifyAllMainMenuOptions -->
  <testcase classname="tests.HomeScreenTest" name="testNavigationThroughMultipleSections" time="0.0">
    <ignored/>
  </testcase> <!-- testNavigationThroughMultipleSections -->
  <testcase classname="tests.HomeScreenTest" name="testNavigateToAnimation" time="0.0">
    <ignored/>
  </testcase> <!-- testNavigateToAnimation -->
  <testcase classname="tests.HomeScreenTest" name="testAccessibilityWithApostrophe" time="0.0">
    <ignored/>
  </testcase> <!-- testAccessibilityWithApostrophe -->
  <testcase classname="tests.HomeScreenTest" name="testNavigateToApp" time="0.0">
    <ignored/>
  </testcase> <!-- testNavigateToApp -->
</testsuite> <!-- Basic Home Screen Test -->
