<?xml version="1.0" encoding="UTF-8"?>
<!-- Generated by org.testng.reporters.JUnitXMLReporter -->
<testsuite ignored="3" hostname="STPL-MANISHKHA" failures="0" tests="1" name="Home Screen Verification Tests" time="57.079" errors="0" timestamp="2025-09-24T16:13:04 NPT">
  <testcase classname="tests.HomeScreenTest" name="testHomeScreenLoadsSuccessfully" time="8.945"/>
  <testcase classname="tests.HomeScreenTest" name="testSpecialCharacterMenuItem" time="0.0">
    <ignored/>
  </testcase> <!-- testSpecialCharacterMenuItem -->
  <testcase classname="tests.HomeScreenTest" name="testNavigationUsingGenericMethod" time="0.0">
    <ignored/>
  </testcase> <!-- testNavigationUsingGenericMethod -->
  <testcase classname="tests.HomeScreenTest" name="testAllNavigationOptions" time="0.0">
    <ignored/>
  </testcase> <!-- testAllNavigationOptions -->
</testsuite> <!-- Home Screen Verification Tests -->
