<?xml version="1.0" encoding="UTF-8"?>
<testng-results ignored="0" total="1" passed="1" failed="0" skipped="0">
  <reporter-output>
  </reporter-output>
  <suite started-at="2025-09-24T15:46:28 NPT" name="Mobile Automation Suite" finished-at="2025-09-24T15:47:19 NPT" duration-ms="50614">
    <groups>
    </groups>
    <test started-at="2025-09-24T15:46:28 NPT" name="Basic Home Screen Test" finished-at="2025-09-24T15:47:19 NPT" duration-ms="50614">
      <class name="tests.HomeScreenTest">
        <test-method is-config="true" signature="globalSetup()[pri:0, instance:tests.HomeScreenTest@73a1e9a9]" started-at="2025-09-24T15:46:28 NPT" name="globalSetup" finished-at="2025-09-24T15:47:02 NPT" duration-ms="33742" status="PASS">
          <reporter-output>
          </reporter-output>
        </test-method> <!-- globalSetup -->
        <test-method is-config="true" signature="testSetup()[pri:0, instance:tests.HomeScreenTest@73a1e9a9]" started-at="2025-09-24T15:47:02 NPT" name="testSetup" finished-at="2025-09-24T15:47:02 NPT" duration-ms="1" status="PASS">
          <reporter-output>
          </reporter-output>
        </test-method> <!-- testSetup -->
        <test-method signature="testHomeScreenLoadsSuccessfully()[pri:1, instance:tests.HomeScreenTest@73a1e9a9]" started-at="2025-09-24T15:47:02 NPT" name="testHomeScreenLoadsSuccessfully" finished-at="2025-09-24T15:47:08 NPT" duration-ms="6163" status="PASS">
          <reporter-output>
          </reporter-output>
        </test-method> <!-- testHomeScreenLoadsSuccessfully -->
        <test-method is-config="true" signature="testTeardown()[pri:0, instance:tests.HomeScreenTest@73a1e9a9]" started-at="2025-09-24T15:47:08 NPT" name="testTeardown" finished-at="2025-09-24T15:47:08 NPT" duration-ms="0" status="PASS">
          <reporter-output>
          </reporter-output>
        </test-method> <!-- testTeardown -->
        <test-method is-config="true" signature="globalTeardown()[pri:0, instance:tests.HomeScreenTest@73a1e9a9]" started-at="2025-09-24T15:47:08 NPT" name="globalTeardown" finished-at="2025-09-24T15:47:19 NPT" duration-ms="10597" status="PASS">
          <reporter-output>
          </reporter-output>
        </test-method> <!-- globalTeardown -->
      </class> <!-- tests.HomeScreenTest -->
    </test> <!-- Basic Home Screen Test -->
  </suite> <!-- Mobile Automation Suite -->
</testng-results>
