<?xml version="1.0" encoding="UTF-8"?>
<testsuite xmlns:xsi="http://www.w3.org/2001/XMLSchema-instance" xsi:noNamespaceSchemaLocation="https://maven.apache.org/surefire/maven-surefire-plugin/xsd/surefire-test-report-3.0.xsd" version="3.0" name="TestSuite" time="157.414" tests="2" errors="0" skipped="0" failures="0">
  <properties>
[...]
</properties>
  <testcase name="testHomeScreenLoadsSuccessfully" classname="tests.HomeScreenTest" time="9.313">
    <system-err><![CDATA[[main] WARN org.testng.TestNG - Ignoring duplicate listener : io.qameta.allure.testng.AllureTestNg
[main] WARN org.testng.TestNG - Ignoring duplicate listener : io.qameta.allure.testng.AllureTestNg
[main] WARN org.testng.TestNG - Ignoring duplicate listener : io.qameta.allure.testng.AllureTestNg
[main] WARN org.testng.TestNG - Ignoring duplicate listener : io.qameta.allure.testng.AllureTestNg
[main] WARN org.testng.TestNG - Ignoring duplicate listener : io.qameta.allure.testng.AllureTestNg
[main] WARN org.testng.TestNG - Ignoring duplicate listener : io.qameta.allure.testng.AllureTestNg
[main] INFO base.BaseTest - === Starting Test Class ===
[main] INFO config.ConfigManager - Configuration properties loaded successfully
[main] INFO base.DriverManager - Android Driver initialized successfully
[main] INFO base.BaseTest - --- Starting Test Method ---
[main] INFO base.BasePage - Verifying home screen is loaded
[main] INFO base.BasePage - Home screen loaded successfully
[main] INFO base.BasePage - Screen title: API Demos
[main] INFO base.BasePage - Screen title: API Demos
[main] INFO base.BasePage - Number of menu items: 12
[main] INFO base.BasePage - Number of menu items: 12
[main] INFO base.BasePage - Accessibility option displayed: true
[main] INFO base.BasePage - === Available Menu Items ===
[main] INFO base.BasePage - - Access'ibility (content-desc: Access'ibility)
[main] INFO base.BasePage - - Accessibility (content-desc: Accessibility)
[main] INFO base.BasePage - - Animation (content-desc: Animation)
[main] INFO base.BasePage - - App (content-desc: App)
[main] INFO base.BasePage - - Content (content-desc: Content)
[main] INFO base.BasePage - - Graphics (content-desc: Graphics)
[main] INFO base.BasePage - - Media (content-desc: Media)
[main] INFO base.BasePage - - NFC (content-desc: NFC)
[main] INFO base.BasePage - - OS (content-desc: OS)
[main] INFO base.BasePage - - Preference (content-desc: Preference)
[main] INFO base.BasePage - - Text (content-desc: Text)
[main] INFO base.BasePage - - Views (content-desc: Views)
[main] INFO base.BasePage - Number of menu items: 12
[main] INFO base.BasePage - Menu item 'Accessibility' present: true
[main] INFO base.BasePage - Menu item 'Animation' present: true
[main] INFO base.BasePage - Menu item 'App' present: true
[main] INFO base.BasePage - Menu item 'Views' present: true
[main] INFO base.BasePage - All expected menu items are present
]]></system-err>
  </testcase>
  <testcase name="testCompleteAppNavigation" classname="tests.CompleteNavigationTest" time="65.26">
    <system-err><![CDATA[[main] INFO base.BaseTest - --- Ending Test Method ---
[main] INFO base.DriverManager - Android Driver closed successfully
[main] INFO base.BaseTest - === Ending Test Class ===
[main] INFO base.BaseTest - === Starting Test Class ===
[main] INFO base.DriverManager - Android Driver initialized successfully
[main] INFO base.BaseTest - --- Starting Test Method ---
[main] INFO base.BasePage - Verifying home screen is loaded
[main] INFO base.BasePage - Home screen loaded successfully
[main] INFO base.BasePage - Screen title: API Demos
[main] INFO base.BasePage - Screen title: API Demos
[main] INFO base.BasePage - Number of menu items: 12
[main] INFO base.BasePage - Number of menu items: 12
[main] INFO base.BasePage - Verifying home screen is loaded
[main] INFO base.BasePage - Home screen loaded successfully
[main] INFO base.BasePage - Screen title: API Demos
[main] INFO base.BasePage - Screen title: API Demos
[main] INFO base.BasePage - Number of menu items: 12
[main] INFO base.BasePage - Number of menu items: 12
[main] INFO base.BasePage - Clicking on Accessibility option
[main] INFO base.BasePage - Accessibility option displayed: true
[main] INFO base.BasePage - Verifying home screen is loaded
[main] INFO base.BasePage - Home screen loaded successfully
[main] INFO base.BasePage - Screen title: API Demos
[main] INFO base.BasePage - Screen title: API Demos
[main] INFO base.BasePage - Number of menu items: 12
[main] INFO base.BasePage - Number of menu items: 12
[main] INFO base.BasePage - Clicking on Animation option
[main] INFO base.BasePage - Accessibility option displayed: true
[main] INFO base.BasePage - Verifying home screen is loaded
[main] INFO base.BasePage - Home screen loaded successfully
[main] INFO base.BasePage - Screen title: API Demos
[main] INFO base.BasePage - Screen title: API Demos
[main] INFO base.BasePage - Number of menu items: 12
[main] INFO base.BasePage - Number of menu items: 12
[main] INFO base.BasePage - Clicking on App option
[main] INFO base.BasePage - Accessibility option displayed: true
[main] INFO base.BasePage - Verifying home screen is loaded
[main] INFO base.BasePage - Home screen loaded successfully
[main] INFO base.BasePage - Screen title: API Demos
[main] INFO base.BasePage - Screen title: API Demos
[main] INFO base.BasePage - Number of menu items: 12
[main] INFO base.BasePage - Number of menu items: 12
[main] INFO base.BasePage - Clicking on Content option
[main] INFO base.BasePage - Accessibility option displayed: true
[main] INFO base.BasePage - Verifying home screen is loaded
[main] INFO base.BasePage - Home screen loaded successfully
[main] INFO base.BasePage - Screen title: API Demos
[main] INFO base.BasePage - Screen title: API Demos
[main] INFO base.BasePage - Number of menu items: 12
[main] INFO base.BasePage - Number of menu items: 12
[main] INFO base.BasePage - Clicking on Graphics option
[main] INFO base.BasePage - Accessibility option displayed: true
[main] INFO base.BasePage - Verifying home screen is loaded
[main] INFO base.BasePage - Home screen loaded successfully
[main] INFO base.BasePage - Screen title: API Demos
[main] INFO base.BasePage - Screen title: API Demos
[main] INFO base.BasePage - Number of menu items: 12
[main] INFO base.BasePage - Number of menu items: 12
[main] INFO base.BasePage - Clicking on Media option
[main] INFO base.BasePage - Accessibility option displayed: true
[main] INFO base.BasePage - Verifying home screen is loaded
[main] INFO base.BasePage - Home screen loaded successfully
[main] INFO base.BasePage - Screen title: API Demos
[main] INFO base.BasePage - Screen title: API Demos
[main] INFO base.BasePage - Number of menu items: 12
[main] INFO base.BasePage - Number of menu items: 12
[main] INFO base.BasePage - Clicking on NFC option
[main] INFO base.BasePage - Accessibility option displayed: true
[main] INFO base.BasePage - Verifying home screen is loaded
[main] INFO base.BasePage - Home screen loaded successfully
[main] INFO base.BasePage - Screen title: API Demos
[main] INFO base.BasePage - Screen title: API Demos
[main] INFO base.BasePage - Number of menu items: 12
[main] INFO base.BasePage - Number of menu items: 12
[main] INFO base.BasePage - Clicking on OS option
[main] INFO base.BasePage - Accessibility option displayed: true
[main] INFO base.BasePage - Verifying home screen is loaded
[main] INFO base.BasePage - Home screen loaded successfully
[main] INFO base.BasePage - Screen title: API Demos
[main] INFO base.BasePage - Screen title: API Demos
[main] INFO base.BasePage - Number of menu items: 12
[main] INFO base.BasePage - Number of menu items: 12
[main] INFO base.BasePage - Clicking on Preference option
[main] INFO base.BasePage - Accessibility option displayed: true
[main] INFO base.BasePage - Verifying home screen is loaded
[main] INFO base.BasePage - Home screen loaded successfully
[main] INFO base.BasePage - Screen title: API Demos
[main] INFO base.BasePage - Screen title: API Demos
[main] INFO base.BasePage - Number of menu items: 12
[main] INFO base.BasePage - Number of menu items: 12
[main] INFO base.BasePage - Clicking on Text option
[main] INFO base.BasePage - Accessibility option displayed: true
[main] INFO base.BasePage - Verifying home screen is loaded
[main] INFO base.BasePage - Home screen loaded successfully
[main] INFO base.BasePage - Screen title: API Demos
[main] INFO base.BasePage - Screen title: API Demos
[main] INFO base.BasePage - Number of menu items: 12
[main] INFO base.BasePage - Number of menu items: 12
[main] INFO base.BasePage - Clicking on Views option
[main] INFO base.BasePage - Accessibility option displayed: true
]]></system-err>
  </testcase>
</testsuite>